<?xml version="1.0" encoding="UTF-8"?>
<!-- Generated by org.testng.reporters.JUnitXMLReporter -->
<testsuite ignored="0" hostname="Asriths-MacBook-Air.local" failures="0" tests="3" name="Default test" time="89.435" errors="0" timestamp="2024-05-20T16:30:11 IST">
  <testcase classname="JavaScript.Testcase" name="Tc3" time="0.003"/>
  <testcase classname="JavaScript.Testcase" name="Tc1" time="51.75"/>
  <testcase classname="JavaScript.Testcase" name="Tc2" time="3.766"/>
</testsuite> <!-- Default test -->
