<?xml version="1.0" encoding="UTF-8"?>
<testng-results ignored="0" total="3" passed="3" failed="0" skipped="0">
  <reporter-output>
  </reporter-output>
  <suite started-at="2024-05-20T16:28:41 IST" name="Default suite" finished-at="2024-05-20T16:30:11 IST" duration-ms="89435">
    <groups>
    </groups>
    <test started-at="2024-05-20T16:28:41 IST" name="Default test" finished-at="2024-05-20T16:30:11 IST" duration-ms="89435">
      <class name="JavaScript.Testcase">
        <test-method is-config="true" signature="beforeClass()[pri:0, instance:JavaScript.Testcase@470f1802]" started-at="2024-05-20T16:28:41 IST" name="beforeClass" finished-at="2024-05-20T16:29:15 IST" duration-ms="33768" status="PASS">
          <reporter-output>
          </reporter-output>
        </test-method> <!-- beforeClass -->
        <test-method signature="Tc3()[pri:-1, instance:JavaScript.Testcase@470f1802]" started-at="2024-05-20T16:29:15 IST" name="Tc3" finished-at="2024-05-20T16:29:15 IST" duration-ms="3" status="PASS">
          <reporter-output>
          </reporter-output>
        </test-method> <!-- Tc3 -->
        <test-method signature="Tc1()[pri:0, instance:JavaScript.Testcase@470f1802]" started-at="2024-05-20T16:29:15 IST" name="Tc1" finished-at="2024-05-20T16:30:07 IST" duration-ms="51750" status="PASS">
          <reporter-output>
          </reporter-output>
        </test-method> <!-- Tc1 -->
        <test-method signature="Tc2()[pri:1, instance:JavaScript.Testcase@470f1802]" started-at="2024-05-20T16:30:07 IST" name="Tc2" finished-at="2024-05-20T16:30:11 IST" duration-ms="3766" status="PASS">
          <reporter-output>
          </reporter-output>
        </test-method> <!-- Tc2 -->
        <test-method is-config="true" signature="afterClass()[pri:0, instance:JavaScript.Testcase@470f1802]" started-at="2024-05-20T16:30:11 IST" name="afterClass" finished-at="2024-05-20T16:30:11 IST" duration-ms="128" status="PASS">
          <reporter-output>
          </reporter-output>
        </test-method> <!-- afterClass -->
      </class> <!-- JavaScript.Testcase -->
    </test> <!-- Default test -->
  </suite> <!-- Default suite -->
</testng-results>
